<?xml version="1.0" encoding="UTF-8"?>
<testng-results ignored="0" total="2" passed="2" failed="0" skipped="0">
  <reporter-output>
  </reporter-output>
  <suite started-at="2022-09-26T17:57:49 IST" name="Default suite" finished-at="2022-09-26T17:58:01 IST" duration-ms="12486">
    <groups>
    </groups>
    <test started-at="2022-09-26T17:57:49 IST" name="Default test" finished-at="2022-09-26T17:58:01 IST" duration-ms="12486">
      <class name="pk1.HrmApplication">
        <test-method signature="login()[pri:0, instance:pk1.HrmApplication@693fe6c9]" started-at="2022-09-26T17:57:49 IST" name="login" finished-at="2022-09-26T17:57:57 IST" duration-ms="8161" status="PASS">
          <reporter-output>
          </reporter-output>
        </test-method> <!-- login -->
        <test-method signature="logout()[pri:0, instance:pk1.HrmApplication@693fe6c9]" started-at="2022-09-26T17:57:57 IST" name="logout" finished-at="2022-09-26T17:58:01 IST" duration-ms="4296" status="PASS">
          <reporter-output>
          </reporter-output>
        </test-method> <!-- logout -->
      </class> <!-- pk1.HrmApplication -->
    </test> <!-- Default test -->
  </suite> <!-- Default suite -->
</testng-results>
